<testsuites id="" name="" tests="1" failures="1" skipped="0" errors="0" time="24.300858999999996">
<testsuite name="project-crud-workflow.spec.ts" timestamp="2025-09-02T19:53:03.325Z" hostname="chromium" tests="1" failures="1" skipped="0" time="21.48" errors="0">
<testcase name="Project CRUD Workflow â€º Complete project CRUD lifecycle with data consistency verification" classname="project-crud-workflow.spec.ts" time="21.48">
<failure message="project-crud-workflow.spec.ts:44:3 Complete project CRUD lifecycle with data consistency verification" type="FAILURE">
<![CDATA[  [chromium] â€º project-crud-workflow.spec.ts:44:3 â€º Project CRUD Workflow â€º Complete project CRUD lifecycle with data consistency verification â€º Fill project creation form with test data 

    Test timeout of 20000ms exceeded.

    Error: page.fill: Test timeout of 20000ms exceeded.
    Call log:
      - waiting for locator('input[name="endDate"]')
        - locator resolved to <input readonly type="date" name="endDate" title="This is automatically calculated based on start date and duration" class="w-full px-3 py-2 border border-gray-200 rounded-md bg-gray-50 cursor-not-allowed"/>
        - fill("2025-12-31")
      - attempting fill action
        2 Ã— waiting for element to be visible, enabled and editable
          - element is not editable
        - retrying fill action
        - waiting 20ms
        2 Ã— waiting for element to be visible, enabled and editable
          - element is not editable
        - retrying fill action
          - waiting 100ms
        29 Ã— waiting for element to be visible, enabled and editable
           - element is not editable
         - retrying fill action
           - waiting 500ms


      120 |         for (const selector of selectors) {
      121 |           if (await page.locator(selector).count() > 0) {
    > 122 |             await page.fill(selector, testValue);
          |                        ^
      123 |             filledFields[fieldKey] = testValue;
      124 |             console.log(`   âœ… Filled ${fieldKey}: ${testValue}`);
      125 |             fieldFilled = true;
        at C:\Jarvis\AI Workspace\FF_React_Neon\dev-tools\testing\tests\e2e\project-crud-workflow.spec.ts:122:24
        at C:\Jarvis\AI Workspace\FF_React_Neon\dev-tools\testing\tests\e2e\project-crud-workflow.spec.ts:102:5

    attachment #1: screenshot (image/png) â”€â”€â”€â”€â”€â”€â”€â”€â”€â”€â”€â”€â”€â”€â”€â”€â”€â”€â”€â”€â”€â”€â”€â”€â”€â”€â”€â”€â”€â”€â”€â”€â”€â”€â”€â”€â”€â”€â”€â”€â”€â”€â”€â”€â”€â”€â”€â”€â”€â”€â”€â”€â”€â”€â”€â”€â”€â”€
    ..\..\test-results\project-crud-workflow-Proj-8f10d-ta-consistency-verification-chromium\test-failed-1.png
    â”€â”€â”€â”€â”€â”€â”€â”€â”€â”€â”€â”€â”€â”€â”€â”€â”€â”€â”€â”€â”€â”€â”€â”€â”€â”€â”€â”€â”€â”€â”€â”€â”€â”€â”€â”€â”€â”€â”€â”€â”€â”€â”€â”€â”€â”€â”€â”€â”€â”€â”€â”€â”€â”€â”€â”€â”€â”€â”€â”€â”€â”€â”€â”€â”€â”€â”€â”€â”€â”€â”€â”€â”€â”€â”€â”€â”€â”€â”€â”€â”€â”€â”€â”€â”€â”€â”€â”€â”€â”€â”€â”€â”€â”€â”€â”€

    attachment #2: video (video/webm) â”€â”€â”€â”€â”€â”€â”€â”€â”€â”€â”€â”€â”€â”€â”€â”€â”€â”€â”€â”€â”€â”€â”€â”€â”€â”€â”€â”€â”€â”€â”€â”€â”€â”€â”€â”€â”€â”€â”€â”€â”€â”€â”€â”€â”€â”€â”€â”€â”€â”€â”€â”€â”€â”€â”€â”€â”€â”€â”€â”€â”€â”€
    ..\..\test-results\project-crud-workflow-Proj-8f10d-ta-consistency-verification-chromium\video.webm
    â”€â”€â”€â”€â”€â”€â”€â”€â”€â”€â”€â”€â”€â”€â”€â”€â”€â”€â”€â”€â”€â”€â”€â”€â”€â”€â”€â”€â”€â”€â”€â”€â”€â”€â”€â”€â”€â”€â”€â”€â”€â”€â”€â”€â”€â”€â”€â”€â”€â”€â”€â”€â”€â”€â”€â”€â”€â”€â”€â”€â”€â”€â”€â”€â”€â”€â”€â”€â”€â”€â”€â”€â”€â”€â”€â”€â”€â”€â”€â”€â”€â”€â”€â”€â”€â”€â”€â”€â”€â”€â”€â”€â”€â”€â”€â”€

    Error Context: ..\..\test-results\project-crud-workflow-Proj-8f10d-ta-consistency-verification-chromium\error-context.md
]]>
</failure>
<system-out>
<![CDATA[ðŸš€ Starting Complete Project CRUD Workflow Test
[33mNaN[39m
1. Looking for project creation option...
   âœ… Found direct navigation: button:has-text("New Project")
2. Filling project creation form...
   âœ… Filled name: Fiber Network Expansion Test
   âœ… Filled description: Test project for CRUD verification
   âœ… Filled startDate: 2025-01-01

[[ATTACHMENT|project-crud-workflow-Proj-8f10d-ta-consistency-verification-chromium\test-failed-1.png]]

[[ATTACHMENT|project-crud-workflow-Proj-8f10d-ta-consistency-verification-chromium\video.webm]]

[[ATTACHMENT|project-crud-workflow-Proj-8f10d-ta-consistency-verification-chromium\error-context.md]]
]]>
</system-out>
</testcase>
</testsuite>
</testsuites>